0 info it worked if it ends with ok
1 verbose cli [ 'node', '/usr/local/bin/npm', 'install', 'config.json' ]
2 info using npm@2.7.0
3 info using node@v1.5.1
4 verbose node symlink /usr/local/bin/node
5 silly cache add args [ 'config.json', null ]
6 verbose cache add spec config.json
7 silly cache add parsed spec { raw: 'config.json',
7 silly cache add   scope: null,
7 silly cache add   name: null,
7 silly cache add   rawSpec: 'config.json',
7 silly cache add   spec: '/Users/coral/Projects/2015/housecup2/insane/config.json',
7 silly cache add   type: 'local' }
8 silly addLocalTarball shasum (computed) 31599200a001e7769e54f54d59f5cd29de389647
9 verbose addTmpTarball /Users/coral/Projects/2015/housecup2/insane/config.json not in flight; adding
10 verbose addTmpTarball validating metadata from /Users/coral/Projects/2015/housecup2/insane/config.json
11 verbose tar unpack /Users/coral/Projects/2015/housecup2/insane/config.json
12 verbose tar unpacking to /var/folders/40/rsp39t2j3bsg4s6lkk4lm2y40000gn/T/npm-17018-148e9c94/unpack-6101346e566f
13 verbose gentlyRm vacuuming /var/folders/40/rsp39t2j3bsg4s6lkk4lm2y40000gn/T/npm-17018-148e9c94/unpack-6101346e566f
14 silly gunzTarPerm modes [ '755', '644' ]
15 error not a package /Users/coral/Projects/2015/housecup2/insane/config.json
16 error addLocal Could not install /Users/coral/Projects/2015/housecup2/insane/config.json
17 verbose stack Error: ENOENT: no such file or directory, open '/var/folders/40/rsp39t2j3bsg4s6lkk4lm2y40000gn/T/npm-17018-148e9c94/unpack-6101346e566f/package.json'
17 verbose stack     at Error (native)
18 verbose cwd /Users/coral/Projects/2015/housecup2/insane
19 error Darwin 14.1.0
20 error argv "node" "/usr/local/bin/npm" "install" "config.json"
21 error node v1.5.1
22 error npm  v2.7.0
23 error path /var/folders/40/rsp39t2j3bsg4s6lkk4lm2y40000gn/T/npm-17018-148e9c94/unpack-6101346e566f/package.json
24 error code ENOENT
25 error errno -2
26 error syscall open
27 error enoent ENOENT: no such file or directory, open '/var/folders/40/rsp39t2j3bsg4s6lkk4lm2y40000gn/T/npm-17018-148e9c94/unpack-6101346e566f/package.json'
27 error enoent This is most likely not a problem with npm itself
27 error enoent and is related to npm not being able to find a file.
28 verbose exit [ -2, true ]
